<?xml version="1.0" encoding="UTF-8"?>
<testng-results ignored="0" total="1" passed="1" failed="0" skipped="0">
  <reporter-output>
  </reporter-output>
  <suite started-at="2023-10-16T12:27:07 IST" name="Default suite" finished-at="2023-10-16T12:28:25 IST" duration-ms="77849">
    <groups>
    </groups>
    <test started-at="2023-10-16T12:27:07 IST" name="Default test" finished-at="2023-10-16T12:28:25 IST" duration-ms="77849">
      <class name="practices.java_1">
        <test-method signature="openurl()[pri:0, instance:practices.java_1@31c88ec8]" started-at="2023-10-16T12:27:07 IST" name="openurl" finished-at="2023-10-16T12:28:25 IST" duration-ms="77655" status="PASS">
          <reporter-output>
          </reporter-output>
        </test-method> <!-- openurl -->
      </class> <!-- practices.java_1 -->
    </test> <!-- Default test -->
  </suite> <!-- Default suite -->
</testng-results>
